# JRE version: Java(TM) SE Runtime Environment (18.0.1.1+2) (build 18.0.1.1+2-6)
# Java VM: Java HotSpot(TM) 64-Bit Server VM (18.0.1.1+2-6, mixed mode, sharing, tiered, compressed oops, compressed class ptrs, serial gc, windows-amd64)
GC Precious Log:
 CardTable entry size: 512
 CPUs: 4 total, 4 available
 Memory: 1709M
 Large Page Support: Disabled
 NUMA Support: Disabled
 Compressed Oops: Enabled (32-bit)
 Heap Min Capacity: 8M
 Heap Initial Capacity: 28M
 Heap Max Capacity: 428M
 Pre-touch: Disabled
Heap:
 def new generation   total 8640K, used 4467K [0x00000000e5400000, 0x00000000e5d50000, 0x00000000ee2a0000)
  eden space 7744K,  53% used [0x00000000e5400000, 0x00000000e5804d78, 0x00000000e5b90000)
  from space 896K,  39% used [0x00000000e5b90000, 0x00000000e5be8270, 0x00000000e5c70000)
  to   space 896K,   0% used [0x00000000e5c70000, 0x00000000e5c70000, 0x00000000e5d50000)
 tenured generation   total 19136K, used 4861K [0x00000000ee2a0000, 0x00000000ef550000, 0x0000000100000000)
   the space 19136K,  25% used [0x00000000ee2a0000, 0x00000000ee75f590, 0x00000000ee75f600, 0x00000000ef550000)
 Metaspace       used 11824K, committed 12032K, reserved 1114112K
  class space    used 1385K, committed 1536K, reserved 1048576K
GC Heap History (4 events):
Event: 2.556 GC heap before
{Heap before GC invocations=0 (full 0):
 def new generation   total 8640K, used 7205K [0x00000000e5400000, 0x00000000e5d50000, 0x00000000ee2a0000)
  eden space 7744K,  93% used [0x00000000e5400000, 0x00000000e5b09738, 0x00000000e5b90000)
  from space 896K,   0% used [0x00000000e5b90000, 0x00000000e5b90000, 0x00000000e5c70000)
  to   space 896K,   0% used [0x00000000e5c70000, 0x00000000e5c70000, 0x00000000e5d50000)
 tenured generation   total 19136K, used 0K [0x00000000ee2a0000, 0x00000000ef550000, 0x0000000100000000)
   the space 19136K,   0% used [0x00000000ee2a0000, 0x00000000ee2a0000, 0x00000000ee2a0200, 0x00000000ef550000)
 Metaspace       used 8937K, committed 9152K, reserved 1114112K
  class space    used 1019K, committed 1088K, reserved 1048576K
}
Event: 2.572 GC heap after
{Heap after GC invocations=1 (full 0):
 def new generation   total 8640K, used 896K [0x00000000e5400000, 0x00000000e5d50000, 0x00000000ee2a0000)
  eden space 7744K,   0% used [0x00000000e5400000, 0x00000000e5400000, 0x00000000e5b90000)
  from space 896K, 100% used [0x00000000e5c70000, 0x00000000e5d50000, 0x00000000e5d50000)
  to   space 896K,   0% used [0x00000000e5b90000, 0x00000000e5b90000, 0x00000000e5c70000)
 tenured generation   total 19136K, used 1805K [0x00000000ee2a0000, 0x00000000ef550000, 0x0000000100000000)
   the space 19136K,   9% used [0x00000000ee2a0000, 0x00000000ee4634a0, 0x00000000ee463600, 0x00000000ef550000)
 Metaspace       used 8937K, committed 9152K, reserved 1114112K
  class space    used 1019K, committed 1088K, reserved 1048576K
}
Event: 21.585 GC heap before
{Heap before GC invocations=1 (full 0):
 def new generation   total 8640K, used 6715K [0x00000000e5400000, 0x00000000e5d50000, 0x00000000ee2a0000)
  eden space 7744K,  75% used [0x00000000e5400000, 0x00000000e59aedb8, 0x00000000e5b90000)
  from space 896K, 100% used [0x00000000e5c70000, 0x00000000e5d50000, 0x00000000e5d50000)
  to   space 896K,   0% used [0x00000000e5b90000, 0x00000000e5b90000, 0x00000000e5c70000)
 tenured generation   total 19136K, used 1805K [0x00000000ee2a0000, 0x00000000ef550000, 0x0000000100000000)
   the space 19136K,   9% used [0x00000000ee2a0000, 0x00000000ee4634a0, 0x00000000ee463600, 0x00000000ef550000)
 Metaspace       used 11815K, committed 12032K, reserved 1114112K
  class space    used 1384K, committed 1536K, reserved 1048576K
}
Event: 21.601 GC heap after
{Heap after GC invocations=2 (full 0):
 def new generation   total 8640K, used 352K [0x00000000e5400000, 0x00000000e5d50000, 0x00000000ee2a0000)
  eden space 7744K,   0% used [0x00000000e5400000, 0x00000000e5400000, 0x00000000e5b90000)
  from space 896K,  39% used [0x00000000e5b90000, 0x00000000e5be8270, 0x00000000e5c70000)
  to   space 896K,   0% used [0x00000000e5c70000, 0x00000000e5c70000, 0x00000000e5d50000)
 tenured generation   total 19136K, used 4861K [0x00000000ee2a0000, 0x00000000ef550000, 0x0000000100000000)
   the space 19136K,  25% used [0x00000000ee2a0000, 0x00000000ee75f590, 0x00000000ee75f600, 0x00000000ef550000)
 Metaspace       used 11815K, committed 12032K, reserved 1114112K
  class space    used 1384K, committed 1536K, reserved 1048576K
}

